May 27, 2017 4:31:42 PM com.saptaslama.controller.MyLog writeConnectionLog
INFO: jdbc:jtds:sqlserver://LOCALHOST:1433;databaseName=Logo2 CONNECTION IS SUCCESSIFULLY!
May 27, 2017 4:31:42 PM com.saptaslama.controller.MyLog writeLog
INFO: LG_006_UNITSETF INSERT OR UPDATE IS SUCCESSIFULLY!
May 27, 2017 4:31:42 PM com.saptaslama.controller.MyLog writeLog
INFO: LG_006_UNITSETF INSERT OR UPDATE IS SUCCESSIFULLY!
May 27, 2017 4:31:42 PM com.saptaslama.controller.MyLog writeLog
INFO: LG_006_UNITSETF INSERT OR UPDATE IS SUCCESSIFULLY!
May 27, 2017 4:31:42 PM com.saptaslama.controller.MyLog writeLog
INFO: LG_006_UNITSETF INSERT OR UPDATE IS SUCCESSIFULLY!
May 27, 2017 4:31:42 PM com.saptaslama.controller.MyLog writeLog
INFO: LG_006_UNITSETF INSERT OR UPDATE IS SUCCESSIFULLY!
May 27, 2017 4:31:42 PM com.saptaslama.controller.MyLog writeLog
INFO: LG_006_UNITSETF INSERT OR UPDATE IS SUCCESSIFULLY!
May 27, 2017 4:31:42 PM com.saptaslama.controller.MyLog writeLog
INFO: LG_006_UNITSETF INSERT OR UPDATE IS SUCCESSIFULLY!
May 27, 2017 4:31:42 PM com.saptaslama.controller.MyLog writeLog
INFO: LG_006_UNITSETF INSERT OR UPDATE IS SUCCESSIFULLY!
May 27, 2017 4:31:42 PM com.saptaslama.controller.MyLog writeLog
INFO: LG_006_UNITSETF INSERT OR UPDATE IS SUCCESSIFULLY!
May 27, 2017 4:31:42 PM com.saptaslama.controller.MyLog writeLog
INFO: LG_006_UNITSETF INSERT OR UPDATE IS SUCCESSIFULLY!
May 27, 2017 4:31:43 PM com.saptaslama.controller.MyLog writeLog
INFO: LG_006_UNITSETL INSERT OR UPDATE IS SUCCESSIFULLY!
May 27, 2017 4:31:43 PM com.saptaslama.controller.MyLog writeLog
INFO: LG_006_UNITSETL INSERT OR UPDATE IS SUCCESSIFULLY!
May 27, 2017 4:31:43 PM com.saptaslama.controller.MyLog writeLog
INFO: LG_006_UNITSETL INSERT OR UPDATE IS SUCCESSIFULLY!
May 27, 2017 4:31:43 PM com.saptaslama.controller.MyLog writeLog
INFO: LG_006_UNITSETL INSERT OR UPDATE IS SUCCESSIFULLY!
May 27, 2017 4:31:43 PM com.saptaslama.controller.MyLog writeLog
INFO: LG_006_UNITSETL INSERT OR UPDATE IS SUCCESSIFULLY!
May 27, 2017 4:31:43 PM com.saptaslama.controller.MyLog writeLog
INFO: LG_006_UNITSETL INSERT OR UPDATE IS SUCCESSIFULLY!
May 27, 2017 4:31:43 PM com.saptaslama.controller.MyLog writeLog
INFO: LG_006_UNITSETL INSERT OR UPDATE IS SUCCESSIFULLY!
May 27, 2017 4:31:43 PM com.saptaslama.controller.MyLog writeLog
INFO: LG_006_UNITSETL INSERT OR UPDATE IS SUCCESSIFULLY!
May 27, 2017 4:31:43 PM com.saptaslama.controller.MyLog writeLog
INFO: LG_006_UNITSETL INSERT OR UPDATE IS SUCCESSIFULLY!
May 27, 2017 4:31:43 PM com.saptaslama.controller.MyLog writeLog
INFO: LG_006_UNITSETL INSERT OR UPDATE IS SUCCESSIFULLY!
May 27, 2017 4:31:43 PM com.saptaslama.controller.MyLog writeLog
INFO: LG_006_UNITSETL INSERT OR UPDATE IS SUCCESSIFULLY!
May 27, 2017 4:31:43 PM com.saptaslama.controller.MyLog writeLog
INFO: LG_006_UNITSETL INSERT OR UPDATE IS SUCCESSIFULLY!
May 27, 2017 4:31:43 PM com.saptaslama.controller.MyLog writeLog
INFO: LG_006_UNITSETL INSERT OR UPDATE IS SUCCESSIFULLY!
May 27, 2017 4:31:43 PM com.saptaslama.controller.MyLog writeLog
INFO: LG_006_UNITSETL INSERT OR UPDATE IS SUCCESSIFULLY!
May 27, 2017 4:31:43 PM com.saptaslama.controller.MyLog writeLog
INFO: LG_006_UNITSETL INSERT OR UPDATE IS SUCCESSIFULLY!
May 27, 2017 4:31:43 PM com.saptaslama.controller.MyLog writeLog
INFO: LG_006_UNITSETL INSERT OR UPDATE IS SUCCESSIFULLY!
May 27, 2017 4:31:43 PM com.saptaslama.controller.MyLog writeLog
INFO: LG_006_UNITSETL INSERT OR UPDATE IS SUCCESSIFULLY!
May 27, 2017 4:31:43 PM com.saptaslama.controller.MyLog writeLog
INFO: LG_006_UNITSETL INSERT OR UPDATE IS SUCCESSIFULLY!
May 27, 2017 4:31:43 PM com.saptaslama.controller.MyLog writeLog
INFO: LG_006_UNITSETL INSERT OR UPDATE IS SUCCESSIFULLY!
May 27, 2017 4:31:43 PM com.saptaslama.controller.MyLog writeLog
INFO: LG_006_UNITSETL INSERT OR UPDATE IS SUCCESSIFULLY!
May 27, 2017 4:31:43 PM com.saptaslama.controller.MyLog writeLog
INFO: LG_006_UNITSETL INSERT OR UPDATE IS SUCCESSIFULLY!
May 27, 2017 4:31:43 PM com.saptaslama.controller.MyLog writeLog
INFO: LG_006_UNITSETL INSERT OR UPDATE IS SUCCESSIFULLY!
May 27, 2017 4:31:43 PM com.saptaslama.controller.MyLog writeLog
INFO: LG_006_UNITSETL INSERT OR UPDATE IS SUCCESSIFULLY!
May 27, 2017 4:31:43 PM com.saptaslama.controller.MyLog writeLog
INFO: LG_006_UNITSETL INSERT OR UPDATE IS SUCCESSIFULLY!
May 27, 2017 4:31:43 PM com.saptaslama.controller.MyLog writeLog
INFO: LG_006_UNITSETL INSERT OR UPDATE IS SUCCESSIFULLY!
May 27, 2017 4:31:43 PM com.saptaslama.controller.MyLog writeLog
INFO: LG_006_UNITSETL INSERT OR UPDATE IS SUCCESSIFULLY!
May 27, 2017 4:31:43 PM com.saptaslama.controller.MyLog writeLog
INFO: LG_006_UNITSETL INSERT OR UPDATE IS SUCCESSIFULLY!
May 27, 2017 4:31:43 PM com.saptaslama.controller.MyLog writeLog
INFO: LG_006_UNITSETL INSERT OR UPDATE IS SUCCESSIFULLY!
May 27, 2017 4:31:43 PM com.saptaslama.controller.MyLog writeConnectionLog
INFO: jdbc:jtds:sqlserver://LOCALHOST:1433;databaseName=Logo2 CONNECTION IS SUCCESSIFULLY!
May 27, 2017 4:31:43 PM com.saptaslama.controller.MyLog writeLog
INFO: LG_006_ITEMS INSERT OR UPDATE IS SUCCESSIFULLY!
May 27, 2017 4:31:43 PM com.saptaslama.controller.MyLog writeLog
INFO: LG_006_ITEMS INSERT OR UPDATE IS SUCCESSIFULLY!
May 27, 2017 4:31:43 PM com.saptaslama.controller.MyLog writeLog
INFO: LG_006_ITEMS INSERT OR UPDATE IS SUCCESSIFULLY!
May 27, 2017 4:31:43 PM com.saptaslama.controller.MyLog writeLog
INFO: LG_006_ITEMS INSERT OR UPDATE IS SUCCESSIFULLY!
May 27, 2017 4:31:43 PM com.saptaslama.controller.MyLog writeLog
INFO: LG_006_ITEMS INSERT OR UPDATE IS SUCCESSIFULLY!
May 27, 2017 4:31:43 PM com.saptaslama.controller.MyLog writeLog
INFO: LG_006_ITEMS INSERT OR UPDATE IS SUCCESSIFULLY!
May 27, 2017 4:31:43 PM com.saptaslama.controller.MyLog writeLog
INFO: LG_006_ITEMS INSERT OR UPDATE IS SUCCESSIFULLY!
May 27, 2017 4:31:43 PM com.saptaslama.controller.MyLog writeLog
INFO: LG_006_ITEMS INSERT OR UPDATE IS SUCCESSIFULLY!
May 27, 2017 4:31:43 PM com.saptaslama.controller.MyLog writeLog
INFO: LG_006_ITEMS INSERT OR UPDATE IS SUCCESSIFULLY!
May 27, 2017 4:31:43 PM com.saptaslama.controller.MyLog writeLog
INFO: LG_006_ITEMS INSERT OR UPDATE IS SUCCESSIFULLY!
May 27, 2017 4:31:43 PM com.saptaslama.controller.MyLog writeLog
INFO: LG_006_ITEMS INSERT OR UPDATE IS SUCCESSIFULLY!
May 27, 2017 4:31:43 PM com.saptaslama.controller.MyLog writeLog
INFO: LG_006_ITEMS INSERT OR UPDATE IS SUCCESSIFULLY!
May 27, 2017 4:31:43 PM com.saptaslama.controller.MyLog writeLog
INFO: LG_006_ITEMS INSERT OR UPDATE IS SUCCESSIFULLY!
May 27, 2017 4:31:43 PM com.saptaslama.controller.MyLog writeLog
INFO: LG_006_ITEMS INSERT OR UPDATE IS SUCCESSIFULLY!
May 27, 2017 4:31:43 PM com.saptaslama.controller.MyLog writeLog
INFO: LG_006_ITEMS INSERT OR UPDATE IS SUCCESSIFULLY!
May 27, 2017 4:31:43 PM com.saptaslama.controller.MyLog writeLog
INFO: LG_006_ITEMS INSERT OR UPDATE IS SUCCESSIFULLY!
May 27, 2017 4:31:43 PM com.saptaslama.controller.MyLog writeLog
INFO: LG_006_ITEMS INSERT OR UPDATE IS SUCCESSIFULLY!
May 27, 2017 4:31:43 PM com.saptaslama.controller.MyLog writeLog
INFO: LG_006_ITEMS INSERT OR UPDATE IS SUCCESSIFULLY!
May 27, 2017 4:31:43 PM com.saptaslama.controller.MyLog writeLog
INFO: LG_006_ITEMS INSERT OR UPDATE IS SUCCESSIFULLY!
May 27, 2017 4:31:43 PM com.saptaslama.controller.MyLog writeLog
INFO: LG_006_ITEMS INSERT OR UPDATE IS SUCCESSIFULLY!
May 27, 2017 4:31:44 PM com.saptaslama.controller.MyLog writeLog
INFO: LG_006_ITMUNITA INSERT OR UPDATE IS SUCCESSIFULLY!
May 27, 2017 4:31:44 PM com.saptaslama.controller.MyLog writeLog
INFO: LG_006_ITMUNITA INSERT OR UPDATE IS SUCCESSIFULLY!
May 27, 2017 4:31:44 PM com.saptaslama.controller.MyLog writeLog
INFO: LG_006_ITMUNITA INSERT OR UPDATE IS SUCCESSIFULLY!
May 27, 2017 4:31:44 PM com.saptaslama.controller.MyLog writeLog
INFO: LG_006_ITMUNITA INSERT OR UPDATE IS SUCCESSIFULLY!
May 27, 2017 4:31:44 PM com.saptaslama.controller.MyLog writeLog
INFO: LG_006_ITMUNITA INSERT OR UPDATE IS SUCCESSIFULLY!
May 27, 2017 4:31:44 PM com.saptaslama.controller.MyLog writeLog
INFO: LG_006_ITMUNITA INSERT OR UPDATE IS SUCCESSIFULLY!
May 27, 2017 4:31:44 PM com.saptaslama.controller.MyLog writeLog
INFO: LG_006_ITMUNITA INSERT OR UPDATE IS SUCCESSIFULLY!
May 27, 2017 4:31:44 PM com.saptaslama.controller.MyLog writeLog
INFO: LG_006_ITMUNITA INSERT OR UPDATE IS SUCCESSIFULLY!
May 27, 2017 4:31:44 PM com.saptaslama.controller.MyLog writeLog
INFO: LG_006_ITMUNITA INSERT OR UPDATE IS SUCCESSIFULLY!
May 27, 2017 4:31:44 PM com.saptaslama.controller.MyLog writeLog
INFO: LG_006_ITMUNITA INSERT OR UPDATE IS SUCCESSIFULLY!
May 27, 2017 4:31:44 PM com.saptaslama.controller.MyLog writeLog
INFO: LG_006_ITMUNITA INSERT OR UPDATE IS SUCCESSIFULLY!
May 27, 2017 4:31:44 PM com.saptaslama.controller.MyLog writeLog
INFO: LG_006_ITMUNITA INSERT OR UPDATE IS SUCCESSIFULLY!
May 27, 2017 4:31:44 PM com.saptaslama.controller.MyLog writeLog
INFO: LG_006_ITMUNITA INSERT OR UPDATE IS SUCCESSIFULLY!
May 27, 2017 4:31:44 PM com.saptaslama.controller.MyLog writeLog
INFO: LG_006_ITMUNITA INSERT OR UPDATE IS SUCCESSIFULLY!
May 27, 2017 4:31:44 PM com.saptaslama.controller.MyLog writeLog
INFO: LG_006_ITMUNITA INSERT OR UPDATE IS SUCCESSIFULLY!
May 27, 2017 4:31:44 PM com.saptaslama.controller.MyLog writeLog
INFO: LG_006_ITMUNITA INSERT OR UPDATE IS SUCCESSIFULLY!
May 27, 2017 4:31:44 PM com.saptaslama.controller.MyLog writeLog
INFO: LG_006_ITMUNITA INSERT OR UPDATE IS SUCCESSIFULLY!
May 27, 2017 4:31:44 PM com.saptaslama.controller.MyLog writeLog
INFO: LG_006_ITMUNITA INSERT OR UPDATE IS SUCCESSIFULLY!
May 27, 2017 4:31:44 PM com.saptaslama.controller.MyLog writeLog
INFO: LG_006_UNITBARCODE INSERT OR UPDATE IS SUCCESSIFULLY!
May 27, 2017 4:31:44 PM com.saptaslama.controller.MyLog writeLog
INFO: LG_006_UNITBARCODE INSERT OR UPDATE IS SUCCESSIFULLY!
May 27, 2017 4:31:44 PM com.saptaslama.controller.MyLog writeLog
INFO: LG_006_UNITBARCODE INSERT OR UPDATE IS SUCCESSIFULLY!
May 27, 2017 4:31:44 PM com.saptaslama.controller.MyLog writeLog
INFO: LG_006_UNITBARCODE INSERT OR UPDATE IS SUCCESSIFULLY!
May 27, 2017 4:31:44 PM com.saptaslama.controller.MyLog writeLog
INFO: LG_006_UNITBARCODE INSERT OR UPDATE IS SUCCESSIFULLY!
May 27, 2017 4:31:44 PM com.saptaslama.controller.MyLog writeLog
INFO: LG_006_UNITBARCODE INSERT OR UPDATE IS SUCCESSIFULLY!
May 27, 2017 4:31:44 PM com.saptaslama.controller.MyLog writeLog
INFO: LG_006_UNITBARCODE INSERT OR UPDATE IS SUCCESSIFULLY!
May 27, 2017 4:31:44 PM com.saptaslama.controller.MyLog writeLog
INFO: LG_006_UNITBARCODE INSERT OR UPDATE IS SUCCESSIFULLY!
May 27, 2017 4:31:44 PM com.saptaslama.controller.MyLog writeLog
INFO: LG_006_UNITBARCODE INSERT OR UPDATE IS SUCCESSIFULLY!
May 27, 2017 4:31:44 PM com.saptaslama.controller.MyLog writeLog
INFO: LG_006_UNITBARCODE INSERT OR UPDATE IS SUCCESSIFULLY!
May 27, 2017 4:31:44 PM com.saptaslama.controller.MyLog writeLog
INFO: LG_006_UNITBARCODE INSERT OR UPDATE IS SUCCESSIFULLY!
May 27, 2017 4:31:44 PM com.saptaslama.controller.MyLog writeLog
INFO: LG_006_UNITBARCODE INSERT OR UPDATE IS SUCCESSIFULLY!
May 27, 2017 4:31:44 PM com.saptaslama.controller.MyLog writeLog
INFO: LG_006_PRCLIST INSERT OR UPDATE IS SUCCESSIFULLY!
May 27, 2017 4:31:44 PM com.saptaslama.controller.MyLog writeLog
INFO: LG_006_PRCLIST INSERT OR UPDATE IS SUCCESSIFULLY!
May 27, 2017 4:31:44 PM com.saptaslama.controller.MyLog writeLog
INFO: LG_006_PRCLIST INSERT OR UPDATE IS SUCCESSIFULLY!
May 27, 2017 4:31:44 PM com.saptaslama.controller.MyLog writeLog
INFO: LG_006_PRCLIST INSERT OR UPDATE IS SUCCESSIFULLY!
May 27, 2017 4:31:44 PM com.saptaslama.controller.MyLog writeLog
INFO: LG_006_PRCLIST INSERT OR UPDATE IS SUCCESSIFULLY!
May 27, 2017 4:31:44 PM com.saptaslama.controller.MyLog writeLog
INFO: LG_006_PRCLIST INSERT OR UPDATE IS SUCCESSIFULLY!
May 27, 2017 4:31:44 PM com.saptaslama.controller.MyLog writeLog
INFO: LG_006_PRCLIST INSERT OR UPDATE IS SUCCESSIFULLY!
May 27, 2017 4:31:44 PM com.saptaslama.controller.MyLog writeLog
INFO: LG_006_PRCLIST INSERT OR UPDATE IS SUCCESSIFULLY!
May 27, 2017 4:31:44 PM com.saptaslama.controller.MyLog writeLog
INFO: LG_006_PRCLIST INSERT OR UPDATE IS SUCCESSIFULLY!
May 27, 2017 4:31:44 PM com.saptaslama.controller.MyLog writeLog
INFO: LG_006_PRCLIST INSERT OR UPDATE IS SUCCESSIFULLY!
May 27, 2017 4:31:44 PM com.saptaslama.controller.MyLog writeLog
INFO: LG_006_PRCLIST INSERT OR UPDATE IS SUCCESSIFULLY!
May 27, 2017 4:31:44 PM com.saptaslama.controller.MyLog writeLog
INFO: LG_006_PRCLIST INSERT OR UPDATE IS SUCCESSIFULLY!
May 27, 2017 4:31:44 PM com.saptaslama.controller.MyLog writeLog
INFO: LG_006_PRCLIST INSERT OR UPDATE IS SUCCESSIFULLY!
May 27, 2017 4:31:44 PM com.saptaslama.controller.MyLog writeLog
INFO: LG_006_PRCLIST INSERT OR UPDATE IS SUCCESSIFULLY!
May 27, 2017 4:31:44 PM com.saptaslama.controller.MyLog writeConnectionLog
INFO: jdbc:jtds:sqlserver://LOCALHOST:1433;databaseName=Logo2 CONNECTION IS SUCCESSIFULLY!
May 27, 2017 4:31:44 PM com.saptaslama.controller.MyLog writeLog
INFO: LG_SLSMAN INSERT OR UPDATE IS SUCCESSIFULLY!
May 27, 2017 4:31:44 PM com.saptaslama.controller.MyLog writeLog
INFO: LG_SLSMAN INSERT OR UPDATE IS SUCCESSIFULLY!
May 27, 2017 4:31:44 PM com.saptaslama.controller.MyLog writeLog
INFO: LG_SLSMAN INSERT OR UPDATE IS SUCCESSIFULLY!
May 27, 2017 4:31:44 PM com.saptaslama.controller.MyLog writeLog
INFO: LG_SLSMAN INSERT OR UPDATE IS SUCCESSIFULLY!
May 27, 2017 4:31:44 PM com.saptaslama.controller.MyLog writeConnectionLog
INFO: jdbc:jtds:sqlserver://LOCALHOST:1433;databaseName=Logo2 CONNECTION IS SUCCESSIFULLY!
May 27, 2017 4:31:44 PM com.saptaslama.controller.MyLog writeLog
INFO: LG_006_CLCARD INSERT OR UPDATE IS SUCCESSIFULLY!
May 27, 2017 4:31:44 PM com.saptaslama.controller.MyLog writeLog
INFO: LG_006_CLCARD INSERT OR UPDATE IS SUCCESSIFULLY!
May 27, 2017 4:31:44 PM com.saptaslama.controller.MyLog writeLog
INFO: LG_006_CLCARD INSERT OR UPDATE IS SUCCESSIFULLY!
May 27, 2017 4:31:44 PM com.saptaslama.controller.MyLog writeLog
INFO: LG_006_CLCARD INSERT OR UPDATE IS SUCCESSIFULLY!
May 27, 2017 4:31:44 PM com.saptaslama.controller.MyLog writeLog
INFO: LG_006_CLCARD INSERT OR UPDATE IS SUCCESSIFULLY!
May 27, 2017 4:31:44 PM com.saptaslama.controller.MyLog writeLog
INFO: LG_006_CLCARD INSERT OR UPDATE IS SUCCESSIFULLY!
May 27, 2017 4:31:44 PM com.saptaslama.controller.MyLog writeLog
INFO: LG_006_CLCARD INSERT OR UPDATE IS SUCCESSIFULLY!
May 27, 2017 4:31:44 PM com.saptaslama.controller.MyLog writeLog
INFO: LG_006_CLCARD INSERT OR UPDATE IS SUCCESSIFULLY!
May 27, 2017 4:31:44 PM com.saptaslama.controller.MyLog writeLog
INFO: LG_006_CLCARD INSERT OR UPDATE IS SUCCESSIFULLY!
May 27, 2017 4:31:44 PM com.saptaslama.controller.MyLog writeLog
INFO: LG_006_CLCARD INSERT OR UPDATE IS SUCCESSIFULLY!
May 27, 2017 4:31:44 PM com.saptaslama.controller.MyLog writeLog
INFO: LG_006_CLCARD INSERT OR UPDATE IS SUCCESSIFULLY!
May 27, 2017 4:31:44 PM com.saptaslama.controller.MyLog writeLog
INFO: LG_006_CLCARD INSERT OR UPDATE IS SUCCESSIFULLY!
May 27, 2017 4:31:44 PM com.saptaslama.controller.MyLog writeLog
INFO: LG_006_CLCARD INSERT OR UPDATE IS SUCCESSIFULLY!
May 27, 2017 4:31:44 PM com.saptaslama.controller.MyLog writeLog
INFO: LG_006_CLCARD INSERT OR UPDATE IS SUCCESSIFULLY!
May 27, 2017 4:31:44 PM com.saptaslama.controller.MyLog writeLog
INFO: LG_006_CLCARD INSERT OR UPDATE IS SUCCESSIFULLY!
May 27, 2017 4:31:44 PM com.saptaslama.controller.MyLog writeLog
INFO: LG_006_CLCARD INSERT OR UPDATE IS SUCCESSIFULLY!
May 27, 2017 4:31:44 PM com.saptaslama.controller.MyLog writeLog
INFO: LG_006_CLCARD INSERT OR UPDATE IS SUCCESSIFULLY!
May 27, 2017 4:31:44 PM com.saptaslama.controller.MyLog writeLog
INFO: LG_006_CLCARD INSERT OR UPDATE IS SUCCESSIFULLY!
May 27, 2017 4:31:44 PM com.saptaslama.controller.MyLog writeLog
INFO: LG_006_CLCARD INSERT OR UPDATE IS SUCCESSIFULLY!
May 27, 2017 4:31:44 PM com.saptaslama.controller.MyLog writeLog
INFO: LG_006_CLCARD INSERT OR UPDATE IS SUCCESSIFULLY!
May 27, 2017 4:31:44 PM com.saptaslama.controller.MyLog writeLog
INFO: LG_006_CLCARD INSERT OR UPDATE IS SUCCESSIFULLY!
May 27, 2017 4:31:44 PM com.saptaslama.controller.MyLog writeLog
INFO: LG_006_CLCARD INSERT OR UPDATE IS SUCCESSIFULLY!
May 27, 2017 4:31:44 PM com.saptaslama.controller.MyLog writeLog
INFO: LG_006_CLCARD INSERT OR UPDATE IS SUCCESSIFULLY!
May 27, 2017 4:31:44 PM com.saptaslama.controller.MyLog writeLog
INFO: LG_006_CLCARD INSERT OR UPDATE IS SUCCESSIFULLY!
May 27, 2017 4:31:45 PM com.saptaslama.controller.MyLog writeLog
INFO: LG_006_CLCARD INSERT OR UPDATE IS SUCCESSIFULLY!
May 27, 2017 4:31:45 PM com.saptaslama.controller.MyLog writeLog
INFO: LG_006_CLCARD INSERT OR UPDATE IS SUCCESSIFULLY!
May 27, 2017 4:31:45 PM com.saptaslama.controller.MyLog writeLog
INFO: LG_006_CLCARD INSERT OR UPDATE IS SUCCESSIFULLY!
May 27, 2017 4:31:45 PM com.saptaslama.controller.MyLog writeLog
INFO: LG_006_CLCARD INSERT OR UPDATE IS SUCCESSIFULLY!
May 27, 2017 4:31:45 PM com.saptaslama.controller.MyLog writeLog
INFO: LG_006_CLCARD INSERT OR UPDATE IS SUCCESSIFULLY!
May 27, 2017 4:31:45 PM com.saptaslama.controller.MyLog writeLog
INFO: LG_006_CLCARD INSERT OR UPDATE IS SUCCESSIFULLY!
May 27, 2017 4:31:45 PM com.saptaslama.controller.MyLog writeLog
INFO: LG_006_CLCARD INSERT OR UPDATE IS SUCCESSIFULLY!
May 27, 2017 4:31:45 PM com.saptaslama.controller.MyLog writeLog
INFO: LG_006_CLCARD INSERT OR UPDATE IS SUCCESSIFULLY!
May 27, 2017 4:31:45 PM com.saptaslama.controller.MyLog writeLog
INFO: LG_006_01_CLRNUMS INSERT OR UPDATE IS SUCCESSIFULLY!
May 27, 2017 4:31:45 PM com.saptaslama.controller.MyLog writeLog
INFO: LG_006_01_CLRNUMS INSERT OR UPDATE IS SUCCESSIFULLY!
May 27, 2017 4:31:45 PM com.saptaslama.controller.MyLog writeLog
INFO: LG_006_01_CLRNUMS INSERT OR UPDATE IS SUCCESSIFULLY!
May 27, 2017 4:31:45 PM com.saptaslama.controller.MyLog writeLog
INFO: LG_006_01_CLRNUMS INSERT OR UPDATE IS SUCCESSIFULLY!
May 27, 2017 4:31:45 PM com.saptaslama.controller.MyLog writeLog
INFO: LG_006_01_CLRNUMS INSERT OR UPDATE IS SUCCESSIFULLY!
May 27, 2017 4:31:45 PM com.saptaslama.controller.MyLog writeLog
INFO: LG_006_01_CLRNUMS INSERT OR UPDATE IS SUCCESSIFULLY!
May 27, 2017 4:31:45 PM com.saptaslama.controller.MyLog writeLog
INFO: LG_006_01_CLRNUMS INSERT OR UPDATE IS SUCCESSIFULLY!
May 27, 2017 4:31:45 PM com.saptaslama.controller.MyLog writeLog
INFO: LG_006_01_CLRNUMS INSERT OR UPDATE IS SUCCESSIFULLY!
May 27, 2017 4:31:45 PM com.saptaslama.controller.MyLog writeLog
INFO: LG_006_01_CLRNUMS INSERT OR UPDATE IS SUCCESSIFULLY!
May 27, 2017 4:31:45 PM com.saptaslama.controller.MyLog writeLog
INFO: LG_006_01_CLRNUMS INSERT OR UPDATE IS SUCCESSIFULLY!
May 27, 2017 4:31:45 PM com.saptaslama.controller.MyLog writeLog
INFO: LG_006_01_CLRNUMS INSERT OR UPDATE IS SUCCESSIFULLY!
May 27, 2017 4:31:45 PM com.saptaslama.controller.MyLog writeLog
INFO: LG_006_01_CLRNUMS INSERT OR UPDATE IS SUCCESSIFULLY!
May 27, 2017 4:31:45 PM com.saptaslama.controller.MyLog writeLog
INFO: LG_006_01_CLRNUMS INSERT OR UPDATE IS SUCCESSIFULLY!
May 27, 2017 4:31:45 PM com.saptaslama.controller.MyLog writeLog
INFO: LG_006_01_CLRNUMS INSERT OR UPDATE IS SUCCESSIFULLY!
May 27, 2017 4:31:45 PM com.saptaslama.controller.MyLog writeLog
INFO: LG_006_01_CLRNUMS INSERT OR UPDATE IS SUCCESSIFULLY!
May 27, 2017 4:31:45 PM com.saptaslama.controller.MyLog writeLog
INFO: LG_006_01_CLCOLLATRLRISK INSERT OR UPDATE IS SUCCESSIFULLY!
May 27, 2017 4:31:45 PM com.saptaslama.controller.MyLog writeLog
INFO: LG_006_01_CLCOLLATRLRISK INSERT OR UPDATE IS SUCCESSIFULLY!
May 27, 2017 4:31:45 PM com.saptaslama.controller.MyLog writeLog
INFO: LG_006_01_CLCOLLATRLRISK INSERT OR UPDATE IS SUCCESSIFULLY!
May 27, 2017 4:31:45 PM com.saptaslama.controller.MyLog writeLog
INFO: LG_006_01_CLCOLLATRLRISK INSERT OR UPDATE IS SUCCESSIFULLY!
May 27, 2017 4:31:45 PM com.saptaslama.controller.MyLog writeLog
INFO: LG_006_01_CLCOLLATRLRISK INSERT OR UPDATE IS SUCCESSIFULLY!
May 27, 2017 4:31:45 PM com.saptaslama.controller.MyLog writeLog
INFO: LG_006_01_CLCOLLATRLRISK INSERT OR UPDATE IS SUCCESSIFULLY!
May 27, 2017 4:31:45 PM com.saptaslama.controller.MyLog writeLog
INFO: LG_006_01_CLCOLLATRLRISK INSERT OR UPDATE IS SUCCESSIFULLY!
May 27, 2017 4:31:45 PM com.saptaslama.controller.MyLog writeLog
INFO: LG_006_01_CLCOLLATRLRISK INSERT OR UPDATE IS SUCCESSIFULLY!
May 27, 2017 4:31:45 PM com.saptaslama.controller.MyLog writeLog
INFO: LG_006_01_CLCOLLATRLRISK INSERT OR UPDATE IS SUCCESSIFULLY!
May 27, 2017 4:31:45 PM com.saptaslama.controller.MyLog writeLog
INFO: LG_006_01_CLCOLLATRLRISK INSERT OR UPDATE IS SUCCESSIFULLY!
May 27, 2017 4:31:45 PM com.saptaslama.controller.MyLog writeLog
INFO: LG_006_01_CLCOLLATRLRISK INSERT OR UPDATE IS SUCCESSIFULLY!
May 27, 2017 4:31:45 PM com.saptaslama.controller.MyLog writeLog
INFO: LG_006_01_CLCOLLATRLRISK INSERT OR UPDATE IS SUCCESSIFULLY!
May 27, 2017 4:31:45 PM com.saptaslama.controller.MyLog writeLog
INFO: LG_006_01_CLCOLLATRLRISK INSERT OR UPDATE IS SUCCESSIFULLY!
May 27, 2017 4:31:45 PM com.saptaslama.controller.MyLog writeLog
INFO: LG_006_01_CLCOLLATRLRISK INSERT OR UPDATE IS SUCCESSIFULLY!
May 27, 2017 4:31:45 PM com.saptaslama.controller.MyLog writeLog
INFO: LG_006_01_CLCOLLATRLRISK INSERT OR UPDATE IS SUCCESSIFULLY!
May 27, 2017 4:31:45 PM com.saptaslama.controller.MyLog writeConnectionLog
INFO: jdbc:jtds:sqlserver://LOCALHOST:1433;databaseName=Logo2 CONNECTION IS SUCCESSIFULLY!
May 27, 2017 4:31:45 PM com.saptaslama.controller.MyLog writeLog
INFO: LG_006_SRVCARD INSERT OR UPDATE IS SUCCESSIFULLY!
May 27, 2017 4:31:45 PM com.saptaslama.controller.MyLog writeLog
INFO: LG_006_SRVCARD INSERT OR UPDATE IS SUCCESSIFULLY!
May 27, 2017 4:31:45 PM com.saptaslama.controller.MyLog writeLog
INFO: LG_006_SRVCARD INSERT OR UPDATE IS SUCCESSIFULLY!
May 27, 2017 4:31:45 PM com.saptaslama.controller.MyLog writeLog
INFO: LG_006_SRVCARD INSERT OR UPDATE IS SUCCESSIFULLY!
May 27, 2017 4:31:45 PM com.saptaslama.controller.MyLog writeLog
INFO: LG_006_SRVCARD INSERT OR UPDATE IS SUCCESSIFULLY!
May 27, 2017 4:31:45 PM com.saptaslama.controller.MyLog writeLog
INFO: LG_006_SRVCARD INSERT OR UPDATE IS SUCCESSIFULLY!
May 27, 2017 4:31:45 PM com.saptaslama.controller.MyLog writeLog
INFO: LG_006_SRVCARD INSERT OR UPDATE IS SUCCESSIFULLY!
May 27, 2017 4:31:45 PM com.saptaslama.controller.MyLog writeLog
INFO: LG_006_SRVCARD INSERT OR UPDATE IS SUCCESSIFULLY!
May 27, 2017 4:31:45 PM com.saptaslama.controller.MyLog writeLog
INFO: LG_006_SRVCARD INSERT OR UPDATE IS SUCCESSIFULLY!
May 27, 2017 4:31:45 PM com.saptaslama.controller.MyLog writeLog
INFO: LG_006_SRVCARD INSERT OR UPDATE IS SUCCESSIFULLY!
May 27, 2017 4:31:45 PM com.saptaslama.controller.MyLog writeLog
INFO: LG_006_01_SRVNUMS INSERT OR UPDATE IS SUCCESSIFULLY!
May 27, 2017 4:31:45 PM com.saptaslama.controller.MyLog writeLog
INFO: LG_006_01_SRVNUMS INSERT OR UPDATE IS SUCCESSIFULLY!
May 27, 2017 4:31:45 PM com.saptaslama.controller.MyLog writeLog
INFO: LG_006_01_SRVNUMS INSERT OR UPDATE IS SUCCESSIFULLY!
May 27, 2017 4:31:45 PM com.saptaslama.controller.MyLog writeLog
INFO: LG_006_01_SRVNUMS INSERT OR UPDATE IS SUCCESSIFULLY!
May 27, 2017 4:31:45 PM com.saptaslama.controller.MyLog writeLog
INFO: LG_006_01_SRVNUMS INSERT OR UPDATE IS SUCCESSIFULLY!
May 27, 2017 4:31:45 PM com.saptaslama.controller.MyLog writeLog
INFO: LG_006_01_SRVNUMS INSERT OR UPDATE IS SUCCESSIFULLY!
May 27, 2017 4:31:45 PM com.saptaslama.controller.MyLog writeLog
INFO: LG_006_01_SRVNUMS INSERT OR UPDATE IS SUCCESSIFULLY!
May 27, 2017 4:31:45 PM com.saptaslama.controller.MyLog writeLog
INFO: LG_006_01_SRVNUMS INSERT OR UPDATE IS SUCCESSIFULLY!
May 27, 2017 4:31:45 PM com.saptaslama.controller.MyLog writeLog
INFO: LG_006_01_SRVNUMS INSERT OR UPDATE IS SUCCESSIFULLY!
May 27, 2017 4:31:45 PM com.saptaslama.controller.MyLog writeLog
INFO: LG_006_01_SRVNUMS INSERT OR UPDATE IS SUCCESSIFULLY!
May 27, 2017 4:31:45 PM com.saptaslama.controller.MyLog writeLog
INFO: LG_006_01_SRVNUMS INSERT OR UPDATE IS SUCCESSIFULLY!
May 27, 2017 4:31:45 PM com.saptaslama.controller.MyLog writeLog
INFO: LG_006_01_SRVNUMS INSERT OR UPDATE IS SUCCESSIFULLY!
May 27, 2017 4:31:45 PM com.saptaslama.controller.MyLog writeLog
INFO: LG_006_01_SRVNUMS INSERT OR UPDATE IS SUCCESSIFULLY!
May 27, 2017 4:31:45 PM com.saptaslama.controller.MyLog writeLog
INFO: LG_006_01_SRVNUMS INSERT OR UPDATE IS SUCCESSIFULLY!
May 27, 2017 4:31:45 PM com.saptaslama.controller.MyLog writeLog
INFO: LG_006_01_SRVNUMS INSERT OR UPDATE IS SUCCESSIFULLY!
May 27, 2017 4:31:45 PM com.saptaslama.controller.MyLog writeLog
INFO: LG_006_01_SRVNUMS INSERT OR UPDATE IS SUCCESSIFULLY!
May 27, 2017 4:31:45 PM com.saptaslama.controller.MyLog writeLog
INFO: LG_006_01_SRVNUMS INSERT OR UPDATE IS SUCCESSIFULLY!
May 27, 2017 4:31:45 PM com.saptaslama.controller.MyLog writeLog
INFO: LG_006_01_SRVNUMS INSERT OR UPDATE IS SUCCESSIFULLY!
May 27, 2017 4:31:45 PM com.saptaslama.controller.MyLog writeLog
INFO: LG_006_01_SRVNUMS INSERT OR UPDATE IS SUCCESSIFULLY!
May 27, 2017 4:31:45 PM com.saptaslama.controller.MyLog writeLog
INFO: LG_006_01_SRVNUMS INSERT OR UPDATE IS SUCCESSIFULLY!
May 27, 2017 4:31:45 PM com.saptaslama.controller.MyLog writeLog
INFO: LG_006_01_SRVNUMS INSERT OR UPDATE IS SUCCESSIFULLY!
May 27, 2017 4:31:45 PM com.saptaslama.controller.MyLog writeLog
INFO: LG_006_01_SRVNUMS INSERT OR UPDATE IS SUCCESSIFULLY!
May 27, 2017 4:31:45 PM com.saptaslama.controller.MyLog writeLog
INFO: LG_006_SRVUNITA INSERT OR UPDATE IS SUCCESSIFULLY!
May 27, 2017 4:31:45 PM com.saptaslama.controller.MyLog writeLog
INFO: LG_006_SRVUNITA INSERT OR UPDATE IS SUCCESSIFULLY!
May 27, 2017 4:31:45 PM com.saptaslama.controller.MyLog writeLog
INFO: LG_006_SRVUNITA INSERT OR UPDATE IS SUCCESSIFULLY!
May 27, 2017 4:31:45 PM com.saptaslama.controller.MyLog writeLog
INFO: LG_006_SRVUNITA INSERT OR UPDATE IS SUCCESSIFULLY!
May 27, 2017 4:31:45 PM com.saptaslama.controller.MyLog writeLog
INFO: LG_006_01_SRVTOT INSERT OR UPDATE IS SUCCESSIFULLY!
May 27, 2017 4:31:45 PM com.saptaslama.controller.MyLog writeLog
INFO: LG_006_01_SRVTOT INSERT OR UPDATE IS SUCCESSIFULLY!
May 27, 2017 4:31:45 PM com.saptaslama.controller.MyLog writeLog
INFO: LG_006_01_SRVTOT INSERT OR UPDATE IS SUCCESSIFULLY!
May 27, 2017 4:31:45 PM com.saptaslama.controller.MyLog writeLog
INFO: LG_006_01_SRVTOT INSERT OR UPDATE IS SUCCESSIFULLY!
May 27, 2017 4:31:45 PM com.saptaslama.controller.MyLog writeLog
INFO: LG_006_01_SRVTOT INSERT OR UPDATE IS SUCCESSIFULLY!
May 27, 2017 4:31:45 PM com.saptaslama.controller.MyLog writeLog
INFO: LG_006_01_SRVTOT INSERT OR UPDATE IS SUCCESSIFULLY!
May 27, 2017 4:31:45 PM com.saptaslama.controller.MyLog writeLog
INFO: LG_006_01_SRVTOT INSERT OR UPDATE IS SUCCESSIFULLY!
May 27, 2017 4:31:45 PM com.saptaslama.controller.MyLog writeLog
INFO: LG_006_01_SRVTOT INSERT OR UPDATE IS SUCCESSIFULLY!
May 27, 2017 4:31:45 PM com.saptaslama.controller.MyLog writeLog
INFO: LG_006_01_SRVTOT INSERT OR UPDATE IS SUCCESSIFULLY!
May 27, 2017 4:31:46 PM com.saptaslama.controller.MyLog writeConnectionLog
INFO: jdbc:jtds:sqlserver://LOCALHOST:1433;databaseName=Logo2 CONNECTION IS SUCCESSIFULLY!
May 27, 2017 4:31:46 PM com.saptaslama.controller.MyLog writeLog
INFO: LG_006_BNCARD INSERT OR UPDATE IS SUCCESSIFULLY!
May 27, 2017 4:31:46 PM com.saptaslama.controller.MyLog writeLog
INFO: LG_006_BNCARD INSERT OR UPDATE IS SUCCESSIFULLY!
May 27, 2017 4:31:46 PM com.saptaslama.controller.MyLog writeLog
INFO: LG_006_BANKACC INSERT OR UPDATE IS SUCCESSIFULLY!
May 27, 2017 4:31:46 PM com.saptaslama.controller.MyLog writeLog
INFO: LG_006_BANKACC INSERT OR UPDATE IS SUCCESSIFULLY!
May 27, 2017 4:31:46 PM com.saptaslama.controller.MyLog writeConnectionLog
INFO: jdbc:jtds:sqlserver://LOCALHOST:1433;databaseName=Logo2 CONNECTION IS SUCCESSIFULLY!
May 27, 2017 4:31:46 PM com.saptaslama.controller.MyLog writeLog
INFO: LG_006_KSCARD INSERT OR UPDATE IS SUCCESSIFULLY!
May 27, 2017 4:31:46 PM com.saptaslama.controller.MyLog writeLog
INFO: LG_006_KSCARD INSERT OR UPDATE IS SUCCESSIFULLY!
May 27, 2017 4:31:46 PM com.saptaslama.controller.MyLog writeLog
INFO: LG_006_KSCARD INSERT OR UPDATE IS SUCCESSIFULLY!
May 27, 2017 4:31:46 PM com.saptaslama.controller.MyLog writeLog
INFO: LG_006_KSCARD INSERT OR UPDATE IS SUCCESSIFULLY!
May 27, 2017 4:31:46 PM com.saptaslama.controller.MyLog writeLog
INFO: LG_006_CRDACREF INSERT OR UPDATE IS SUCCESSIFULLY!
May 27, 2017 4:31:46 PM com.saptaslama.controller.MyLog writeLog
INFO: LG_006_CRDACREF INSERT OR UPDATE IS SUCCESSIFULLY!
May 27, 2017 4:31:46 PM com.saptaslama.controller.MyLog writeConnectionLog
INFO: jdbc:jtds:sqlserver://LOCALHOST:1433;databaseName=Logo2 CONNECTION IS SUCCESSIFULLY!
May 27, 2017 4:31:46 PM com.saptaslama.controller.MyLog writeLog
INFO: LG_006_01_INVOICE INSERT OR UPDATE IS SUCCESSIFULLY!
May 27, 2017 4:31:46 PM com.saptaslama.controller.MyLog writeLog
INFO: LG_006_01_INVOICE INSERT OR UPDATE IS SUCCESSIFULLY!
May 27, 2017 4:31:46 PM com.saptaslama.controller.MyLog writeLog
INFO: LG_006_01_INVOICE INSERT OR UPDATE IS SUCCESSIFULLY!
May 27, 2017 4:31:46 PM com.saptaslama.controller.MyLog writeLog
INFO: LG_006_01_INVOICE INSERT OR UPDATE IS SUCCESSIFULLY!
May 27, 2017 4:31:46 PM com.saptaslama.controller.MyLog writeLog
INFO: LG_006_01_INVOICE INSERT OR UPDATE IS SUCCESSIFULLY!
May 27, 2017 4:31:46 PM com.saptaslama.controller.MyLog writeLog
INFO: LG_006_01_INVOICE INSERT OR UPDATE IS SUCCESSIFULLY!
May 27, 2017 4:31:46 PM com.saptaslama.controller.MyLog writeConnectionLog
INFO: jdbc:jtds:sqlserver://LOCALHOST:1433;databaseName=Logo2 CONNECTION IS SUCCESSIFULLY!
May 27, 2017 4:31:46 PM com.saptaslama.controller.MyLog writeLog
INFO: LG_006_01_STFICHE INSERT OR UPDATE IS SUCCESSIFULLY!
May 27, 2017 4:31:47 PM com.saptaslama.controller.MyLog writeLog
INFO: LG_006_01_STFICHE INSERT OR UPDATE IS SUCCESSIFULLY!
May 27, 2017 4:31:47 PM com.saptaslama.controller.MyLog writeLog
INFO: LG_006_01_STFICHE INSERT OR UPDATE IS SUCCESSIFULLY!
May 27, 2017 4:31:47 PM com.saptaslama.controller.MyLog writeLog
INFO: LG_006_01_STFICHE INSERT OR UPDATE IS SUCCESSIFULLY!
May 27, 2017 4:31:47 PM com.saptaslama.controller.MyLog writeLog
INFO: LG_006_01_STFICHE INSERT OR UPDATE IS SUCCESSIFULLY!
May 27, 2017 4:31:47 PM com.saptaslama.controller.MyLog writeLog
INFO: LG_006_01_STFICHE INSERT OR UPDATE IS SUCCESSIFULLY!
May 27, 2017 4:31:47 PM com.saptaslama.controller.MyLog writeLog
INFO: LG_006_01_STLINE INSERT OR UPDATE IS SUCCESSIFULLY!
May 27, 2017 4:31:47 PM com.saptaslama.controller.MyLog writeLog
INFO: LG_006_01_STLINE INSERT OR UPDATE IS SUCCESSIFULLY!
May 27, 2017 4:31:47 PM com.saptaslama.controller.MyLog writeLog
INFO: LG_006_01_STLINE INSERT OR UPDATE IS SUCCESSIFULLY!
May 27, 2017 4:31:47 PM com.saptaslama.controller.MyLog writeLog
INFO: LG_006_01_STLINE INSERT OR UPDATE IS SUCCESSIFULLY!
May 27, 2017 4:31:47 PM com.saptaslama.controller.MyLog writeLog
INFO: LG_006_01_STLINE INSERT OR UPDATE IS SUCCESSIFULLY!
May 27, 2017 4:31:47 PM com.saptaslama.controller.MyLog writeLog
INFO: LG_006_01_STLINE INSERT OR UPDATE IS SUCCESSIFULLY!
May 27, 2017 4:31:47 PM com.saptaslama.controller.MyLog writeLog
INFO: LG_006_01_STLINE INSERT OR UPDATE IS SUCCESSIFULLY!
May 27, 2017 4:31:47 PM com.saptaslama.controller.MyLog writeLog
INFO: LG_006_01_STLINE INSERT OR UPDATE IS SUCCESSIFULLY!
May 27, 2017 4:31:47 PM com.saptaslama.controller.MyLog writeLog
INFO: LG_006_01_STLINE INSERT OR UPDATE IS SUCCESSIFULLY!
May 27, 2017 4:31:47 PM com.saptaslama.controller.MyLog writeLog
INFO: LG_006_01_STLINE INSERT OR UPDATE IS SUCCESSIFULLY!
May 27, 2017 4:31:47 PM com.saptaslama.controller.MyLog writeLog
INFO: LG_006_01_STLINE INSERT OR UPDATE IS SUCCESSIFULLY!
May 27, 2017 4:31:47 PM com.saptaslama.controller.MyLog writeLog
INFO: LG_006_01_STLINE INSERT OR UPDATE IS SUCCESSIFULLY!
May 27, 2017 4:31:47 PM com.saptaslama.controller.MyLog writeLog
INFO: LG_006_01_STLINE INSERT OR UPDATE IS SUCCESSIFULLY!
May 27, 2017 4:31:47 PM com.saptaslama.controller.MyLog writeLog
INFO: LG_006_01_STLINE INSERT OR UPDATE IS SUCCESSIFULLY!
May 27, 2017 4:31:47 PM com.saptaslama.controller.MyLog writeLog
INFO: LG_006_01_STLINE INSERT OR UPDATE IS SUCCESSIFULLY!
May 27, 2017 4:31:47 PM com.saptaslama.controller.MyLog writeLog
INFO: LG_006_01_STLINE INSERT OR UPDATE IS SUCCESSIFULLY!
May 27, 2017 4:31:47 PM com.saptaslama.controller.MyLog writeLog
INFO: LG_006_01_STLINE INSERT OR UPDATE IS SUCCESSIFULLY!
May 27, 2017 4:31:47 PM com.saptaslama.controller.MyLog writeLog
INFO: LG_006_01_STLINE INSERT OR UPDATE IS SUCCESSIFULLY!
